[2023-01-05T10:52:30.885+0000] {manager.py:483} INFO - Processing files using up to 2 processes at a time 
[2023-01-05T10:52:30.908+0000] {manager.py:484} INFO - Process each file at most once every 30 seconds
[2023-01-05T10:52:30.912+0000] {manager.py:486} INFO - Checking for new files in /opt/airflow/dags every 300 seconds
[2023-01-05T10:52:30.914+0000] {manager.py:726} INFO - Searching for files in /opt/airflow/dags
[2023-01-05T10:52:32.337+0000] {manager.py:729} INFO - There are 1 files in /opt/airflow/dags
[2023-01-05T10:52:33.583+0000] {manager.py:851} INFO - 
================================================================================
DAG File Processing Stats

File Path                            PID  Runtime      # DAGs    # Errors  Last Runtime    Last Run
---------------------------------  -----  ---------  --------  ----------  --------------  ----------
/opt/airflow/dags/UK_Accidents.py    179  0.95s             0           0
================================================================================
[2023-01-05T10:53:04.035+0000] {manager.py:851} INFO - 
================================================================================
DAG File Processing Stats

File Path                          PID    Runtime      # DAGs    # Errors  Last Runtime    Last Run
---------------------------------  -----  ---------  --------  ----------  --------------  -------------------
/opt/airflow/dags/UK_Accidents.py                           1           0  10.46s          2023-01-05T10:52:43
================================================================================
[2023-01-05T10:53:34.312+0000] {manager.py:851} INFO - 
================================================================================
DAG File Processing Stats

File Path                          PID    Runtime      # DAGs    # Errors  Last Runtime    Last Run
---------------------------------  -----  ---------  --------  ----------  --------------  -------------------
/opt/airflow/dags/UK_Accidents.py                           1           0  1.94s           2023-01-05T10:53:15
================================================================================
[2023-01-05T10:54:04.536+0000] {manager.py:851} INFO - 
================================================================================
DAG File Processing Stats

File Path                          PID    Runtime      # DAGs    # Errors  Last Runtime    Last Run
---------------------------------  -----  ---------  --------  ----------  --------------  -------------------
/opt/airflow/dags/UK_Accidents.py                           1           0  2.87s           2023-01-05T10:53:48
================================================================================
[2023-01-05T10:54:34.884+0000] {manager.py:851} INFO - 
================================================================================
DAG File Processing Stats

File Path                          PID    Runtime      # DAGs    # Errors  Last Runtime    Last Run
---------------------------------  -----  ---------  --------  ----------  --------------  -------------------
/opt/airflow/dags/UK_Accidents.py                           1           0  3.63s           2023-01-05T10:54:22
================================================================================
[2023-01-05T10:55:04.921+0000] {manager.py:851} INFO - 
================================================================================
DAG File Processing Stats

File Path                          PID    Runtime      # DAGs    # Errors  Last Runtime    Last Run
---------------------------------  -----  ---------  --------  ----------  --------------  -------------------
/opt/airflow/dags/UK_Accidents.py                           1           0  2.36s           2023-01-05T10:54:54
================================================================================
[2023-01-05T10:55:35.383+0000] {manager.py:851} INFO - 
================================================================================
DAG File Processing Stats

File Path                          PID    Runtime      # DAGs    # Errors  Last Runtime    Last Run
---------------------------------  -----  ---------  --------  ----------  --------------  -------------------
/opt/airflow/dags/UK_Accidents.py                           1           0  1.33s           2023-01-05T10:55:26
================================================================================
[2023-01-05T10:56:05.599+0000] {manager.py:851} INFO - 
================================================================================
DAG File Processing Stats

File Path                          PID    Runtime      # DAGs    # Errors  Last Runtime    Last Run
---------------------------------  -----  ---------  --------  ----------  --------------  -------------------
/opt/airflow/dags/UK_Accidents.py                           1           0  1.60s           2023-01-05T10:55:58
================================================================================
[2023-01-05T10:56:35.694+0000] {manager.py:851} INFO - 
================================================================================
DAG File Processing Stats

File Path                          PID    Runtime      # DAGs    # Errors  Last Runtime    Last Run
---------------------------------  -----  ---------  --------  ----------  --------------  -------------------
/opt/airflow/dags/UK_Accidents.py                           1           0  4.49s           2023-01-05T10:56:33
================================================================================
[2023-01-05T10:57:05.912+0000] {manager.py:851} INFO - 
================================================================================
DAG File Processing Stats

File Path                            PID  Runtime      # DAGs    # Errors  Last Runtime    Last Run
---------------------------------  -----  ---------  --------  ----------  --------------  -------------------
/opt/airflow/dags/UK_Accidents.py    512  2.02s             1           0  4.49s           2023-01-05T10:56:33
================================================================================
[2023-01-05T10:57:31.674+0000] {manager.py:726} INFO - Searching for files in /opt/airflow/dags
[2023-01-05T10:57:33.153+0000] {manager.py:729} INFO - There are 1 files in /opt/airflow/dags
[2023-01-05T10:57:36.199+0000] {manager.py:851} INFO - 
================================================================================
DAG File Processing Stats

File Path                          PID    Runtime      # DAGs    # Errors  Last Runtime    Last Run
---------------------------------  -----  ---------  --------  ----------  --------------  -------------------
/opt/airflow/dags/UK_Accidents.py                           1           0  2.61s           2023-01-05T10:57:06
================================================================================
[2023-01-05T10:58:06.420+0000] {manager.py:851} INFO - 
================================================================================
DAG File Processing Stats

File Path                          PID    Runtime      # DAGs    # Errors  Last Runtime    Last Run
---------------------------------  -----  ---------  --------  ----------  --------------  -------------------
/opt/airflow/dags/UK_Accidents.py                           1           0  2.38s           2023-01-05T10:57:39
================================================================================
[2023-01-05T10:58:36.458+0000] {manager.py:851} INFO - 
================================================================================
DAG File Processing Stats

File Path                          PID    Runtime      # DAGs    # Errors  Last Runtime    Last Run
---------------------------------  -----  ---------  --------  ----------  --------------  -------------------
/opt/airflow/dags/UK_Accidents.py                           1           0  1.39s           2023-01-05T10:58:11
================================================================================
[2023-01-05T10:59:07.300+0000] {manager.py:851} INFO - 
================================================================================
DAG File Processing Stats

File Path                          PID    Runtime      # DAGs    # Errors  Last Runtime    Last Run
---------------------------------  -----  ---------  --------  ----------  --------------  -------------------
/opt/airflow/dags/UK_Accidents.py                           1           0  3.17s           2023-01-05T10:58:44
================================================================================
[2023-01-05T10:59:37.397+0000] {manager.py:851} INFO - 
================================================================================
DAG File Processing Stats

File Path                          PID    Runtime      # DAGs    # Errors  Last Runtime    Last Run
---------------------------------  -----  ---------  --------  ----------  --------------  -------------------
/opt/airflow/dags/UK_Accidents.py                           1           0  2.90s           2023-01-05T10:59:18
================================================================================
[2023-01-05T11:00:08.162+0000] {manager.py:851} INFO - 
================================================================================
DAG File Processing Stats

File Path                          PID    Runtime      # DAGs    # Errors  Last Runtime    Last Run
---------------------------------  -----  ---------  --------  ----------  --------------  -------------------
/opt/airflow/dags/UK_Accidents.py                           1           0  2.35s           2023-01-05T10:59:50
================================================================================
[2023-01-05T11:00:38.176+0000] {manager.py:851} INFO - 
================================================================================
DAG File Processing Stats

File Path                          PID    Runtime      # DAGs    # Errors  Last Runtime    Last Run
---------------------------------  -----  ---------  --------  ----------  --------------  -------------------
/opt/airflow/dags/UK_Accidents.py                           1           0  1.39s           2023-01-05T11:00:23
================================================================================
[2023-01-05T11:01:08.825+0000] {manager.py:851} INFO - 
================================================================================
DAG File Processing Stats

File Path                          PID    Runtime      # DAGs    # Errors  Last Runtime    Last Run
---------------------------------  -----  ---------  --------  ----------  --------------  -------------------
/opt/airflow/dags/UK_Accidents.py                           1           0  2.10s           2023-01-05T11:00:56
================================================================================
[2023-01-05T11:01:38.975+0000] {manager.py:851} INFO - 
================================================================================
DAG File Processing Stats

File Path                          PID    Runtime      # DAGs    # Errors  Last Runtime    Last Run
---------------------------------  -----  ---------  --------  ----------  --------------  -------------------
/opt/airflow/dags/UK_Accidents.py                           1           0  2.95s           2023-01-05T11:01:29
================================================================================
[2023-01-05T11:02:09.270+0000] {manager.py:851} INFO - 
================================================================================
DAG File Processing Stats

File Path                          PID    Runtime      # DAGs    # Errors  Last Runtime    Last Run
---------------------------------  -----  ---------  --------  ----------  --------------  -------------------
/opt/airflow/dags/UK_Accidents.py                           1           0  2.43s           2023-01-05T11:02:02
================================================================================
[2023-01-05T11:02:32.221+0000] {manager.py:726} INFO - Searching for files in /opt/airflow/dags
[2023-01-05T11:02:32.270+0000] {manager.py:729} INFO - There are 1 files in /opt/airflow/dags
[2023-01-05T11:02:39.674+0000] {manager.py:851} INFO - 
================================================================================
DAG File Processing Stats

File Path                          PID    Runtime      # DAGs    # Errors  Last Runtime    Last Run
---------------------------------  -----  ---------  --------  ----------  --------------  -------------------
/opt/airflow/dags/UK_Accidents.py                           1           0  2.04s           2023-01-05T11:02:34
================================================================================
[2023-01-05T11:03:09.927+0000] {manager.py:851} INFO - 
================================================================================
DAG File Processing Stats

File Path                          PID    Runtime      # DAGs    # Errors  Last Runtime    Last Run
---------------------------------  -----  ---------  --------  ----------  --------------  -------------------
/opt/airflow/dags/UK_Accidents.py                           1           0  2.49s           2023-01-05T11:03:07
================================================================================
[2023-01-05T11:03:40.401+0000] {manager.py:851} INFO - 
================================================================================
DAG File Processing Stats

File Path                            PID  Runtime      # DAGs    # Errors  Last Runtime    Last Run
---------------------------------  -----  ---------  --------  ----------  --------------  -------------------
/opt/airflow/dags/UK_Accidents.py    985  2.03s             1           0  2.49s           2023-01-05T11:03:07
================================================================================
[2023-01-05T11:04:11.367+0000] {manager.py:851} INFO - 
================================================================================
DAG File Processing Stats

File Path                            PID  Runtime      # DAGs    # Errors  Last Runtime    Last Run
---------------------------------  -----  ---------  --------  ----------  --------------  -------------------
/opt/airflow/dags/UK_Accidents.py   1030  0.00s             1           0  2.83s           2023-01-05T11:03:41
================================================================================
[2023-01-05T11:04:42.273+0000] {manager.py:851} INFO - 
================================================================================
DAG File Processing Stats

File Path                          PID    Runtime      # DAGs    # Errors  Last Runtime    Last Run
---------------------------------  -----  ---------  --------  ----------  --------------  -------------------
/opt/airflow/dags/UK_Accidents.py                           1           0  1.88s           2023-01-05T11:04:13
================================================================================
[2023-01-05T11:05:12.387+0000] {manager.py:851} INFO - 
================================================================================
DAG File Processing Stats

File Path                          PID    Runtime      # DAGs    # Errors  Last Runtime    Last Run
---------------------------------  -----  ---------  --------  ----------  --------------  -------------------
/opt/airflow/dags/UK_Accidents.py                           1           0  2.89s           2023-01-05T11:04:46
================================================================================
[2023-01-05T11:05:42.695+0000] {manager.py:851} INFO - 
================================================================================
DAG File Processing Stats

File Path                          PID    Runtime      # DAGs    # Errors  Last Runtime    Last Run
---------------------------------  -----  ---------  --------  ----------  --------------  -------------------
/opt/airflow/dags/UK_Accidents.py                           1           0  2.06s           2023-01-05T11:05:18
================================================================================
[2023-01-05T11:06:13.200+0000] {manager.py:851} INFO - 
================================================================================
DAG File Processing Stats

File Path                          PID    Runtime      # DAGs    # Errors  Last Runtime    Last Run
---------------------------------  -----  ---------  --------  ----------  --------------  -------------------
/opt/airflow/dags/UK_Accidents.py                           1           0  3.25s           2023-01-05T11:05:52
================================================================================
[2023-01-05T11:06:44.008+0000] {manager.py:851} INFO - 
================================================================================
DAG File Processing Stats

File Path                          PID    Runtime      # DAGs    # Errors  Last Runtime    Last Run
---------------------------------  -----  ---------  --------  ----------  --------------  -------------------
/opt/airflow/dags/UK_Accidents.py                           1           0  2.77s           2023-01-05T11:06:25
================================================================================
[2023-01-05T11:07:15.183+0000] {manager.py:851} INFO - 
================================================================================
DAG File Processing Stats

File Path                          PID    Runtime      # DAGs    # Errors  Last Runtime    Last Run
---------------------------------  -----  ---------  --------  ----------  --------------  -------------------
/opt/airflow/dags/UK_Accidents.py                           1           0  2.21s           2023-01-05T11:06:57
================================================================================
[2023-01-05T11:07:32.645+0000] {manager.py:726} INFO - Searching for files in /opt/airflow/dags
[2023-01-05T11:07:32.692+0000] {manager.py:729} INFO - There are 1 files in /opt/airflow/dags
[2023-01-05T11:07:45.796+0000] {manager.py:851} INFO - 
================================================================================
DAG File Processing Stats

File Path                          PID    Runtime      # DAGs    # Errors  Last Runtime    Last Run
---------------------------------  -----  ---------  --------  ----------  --------------  -------------------
/opt/airflow/dags/UK_Accidents.py                           1           0  2.29s           2023-01-05T11:07:29
================================================================================
[2023-01-05T11:08:16.015+0000] {manager.py:851} INFO - 
================================================================================
DAG File Processing Stats

File Path                          PID    Runtime      # DAGs    # Errors  Last Runtime    Last Run
---------------------------------  -----  ---------  --------  ----------  --------------  -------------------
/opt/airflow/dags/UK_Accidents.py                           1           0  1.63s           2023-01-05T11:08:01
================================================================================
[2023-01-05T11:08:46.927+0000] {manager.py:851} INFO - 
================================================================================
DAG File Processing Stats

File Path                          PID    Runtime      # DAGs    # Errors  Last Runtime    Last Run
---------------------------------  -----  ---------  --------  ----------  --------------  -------------------
/opt/airflow/dags/UK_Accidents.py                           1           0  2.79s           2023-01-05T11:08:35
================================================================================
[2023-01-05T11:09:17.355+0000] {manager.py:851} INFO - 
================================================================================
DAG File Processing Stats

File Path                          PID    Runtime      # DAGs    # Errors  Last Runtime    Last Run
---------------------------------  -----  ---------  --------  ----------  --------------  -------------------
/opt/airflow/dags/UK_Accidents.py                           1           0  2.77s           2023-01-05T11:09:08
================================================================================
[2023-01-05T11:09:47.838+0000] {manager.py:851} INFO - 
================================================================================
DAG File Processing Stats

File Path                          PID    Runtime      # DAGs    # Errors  Last Runtime    Last Run
---------------------------------  -----  ---------  --------  ----------  --------------  -------------------
/opt/airflow/dags/UK_Accidents.py                           1           0  2.54s           2023-01-05T11:09:41
================================================================================
[2023-01-05T11:10:18.019+0000] {manager.py:851} INFO - 
================================================================================
DAG File Processing Stats

File Path                          PID    Runtime      # DAGs    # Errors  Last Runtime    Last Run
---------------------------------  -----  ---------  --------  ----------  --------------  -------------------
/opt/airflow/dags/UK_Accidents.py                           1           0  1.34s           2023-01-05T11:10:12
================================================================================
[2023-01-05T11:10:48.774+0000] {manager.py:851} INFO - 
================================================================================
DAG File Processing Stats

File Path                          PID    Runtime      # DAGs    # Errors  Last Runtime    Last Run
---------------------------------  -----  ---------  --------  ----------  --------------  -------------------
/opt/airflow/dags/UK_Accidents.py                           1           0  2.21s           2023-01-05T11:10:45
================================================================================
[2023-01-05T11:11:19.145+0000] {manager.py:851} INFO - 
================================================================================
DAG File Processing Stats

File Path                          PID    Runtime      # DAGs    # Errors  Last Runtime    Last Run
---------------------------------  -----  ---------  --------  ----------  --------------  -------------------
/opt/airflow/dags/UK_Accidents.py                           1           0  1.52s           2023-01-05T11:11:18
================================================================================
[2023-01-05T11:11:49.801+0000] {manager.py:851} INFO - 
================================================================================
DAG File Processing Stats

File Path                            PID  Runtime      # DAGs    # Errors  Last Runtime    Last Run
---------------------------------  -----  ---------  --------  ----------  --------------  -------------------
/opt/airflow/dags/UK_Accidents.py   1589  1.01s             1           0  1.52s           2023-01-05T11:11:18
================================================================================
[2023-01-05T11:12:20.654+0000] {manager.py:851} INFO - 
================================================================================
DAG File Processing Stats

File Path                          PID    Runtime      # DAGs    # Errors  Last Runtime    Last Run
---------------------------------  -----  ---------  --------  ----------  --------------  -------------------
/opt/airflow/dags/UK_Accidents.py                           1           0  1.98s           2023-01-05T11:11:50
================================================================================
[2023-01-05T11:12:33.499+0000] {manager.py:726} INFO - Searching for files in /opt/airflow/dags
[2023-01-05T11:12:33.601+0000] {manager.py:729} INFO - There are 1 files in /opt/airflow/dags
[2023-01-05T11:12:50.750+0000] {manager.py:851} INFO - 
================================================================================
DAG File Processing Stats

File Path                          PID    Runtime      # DAGs    # Errors  Last Runtime    Last Run
---------------------------------  -----  ---------  --------  ----------  --------------  -------------------
/opt/airflow/dags/UK_Accidents.py                           1           0  2.54s           2023-01-05T11:12:24
================================================================================
[2023-01-05T11:13:21.612+0000] {manager.py:851} INFO - 
================================================================================
DAG File Processing Stats

File Path                          PID    Runtime      # DAGs    # Errors  Last Runtime    Last Run
---------------------------------  -----  ---------  --------  ----------  --------------  -------------------
/opt/airflow/dags/UK_Accidents.py                           1           0  1.76s           2023-01-05T11:12:56
================================================================================
[2023-01-05T11:13:52.401+0000] {manager.py:851} INFO - 
================================================================================
DAG File Processing Stats

File Path                          PID    Runtime      # DAGs    # Errors  Last Runtime    Last Run
---------------------------------  -----  ---------  --------  ----------  --------------  -------------------
/opt/airflow/dags/UK_Accidents.py                           1           0  3.51s           2023-01-05T11:13:30
================================================================================
[2023-01-05T11:14:22.618+0000] {manager.py:851} INFO - 
================================================================================
DAG File Processing Stats

File Path                          PID    Runtime      # DAGs    # Errors  Last Runtime    Last Run
---------------------------------  -----  ---------  --------  ----------  --------------  -------------------
/opt/airflow/dags/UK_Accidents.py                           1           0  1.70s           2023-01-05T11:14:02
================================================================================
[2023-01-05T11:14:53.139+0000] {manager.py:851} INFO - 
================================================================================
DAG File Processing Stats

File Path                          PID    Runtime      # DAGs    # Errors  Last Runtime    Last Run
---------------------------------  -----  ---------  --------  ----------  --------------  -------------------
/opt/airflow/dags/UK_Accidents.py                           1           0  2.64s           2023-01-05T11:14:35
================================================================================
[2023-01-05T11:15:23.247+0000] {manager.py:851} INFO - 
================================================================================
DAG File Processing Stats

File Path                          PID    Runtime      # DAGs    # Errors  Last Runtime    Last Run
---------------------------------  -----  ---------  --------  ----------  --------------  -------------------
/opt/airflow/dags/UK_Accidents.py                           1           0  1.61s           2023-01-05T11:15:07
================================================================================
[2023-01-05T11:15:53.473+0000] {manager.py:851} INFO - 
================================================================================
DAG File Processing Stats

File Path                          PID    Runtime      # DAGs    # Errors  Last Runtime    Last Run
---------------------------------  -----  ---------  --------  ----------  --------------  -------------------
/opt/airflow/dags/UK_Accidents.py                           1           0  2.38s           2023-01-05T11:15:39
================================================================================
[2023-01-05T11:16:24.373+0000] {manager.py:851} INFO - 
================================================================================
DAG File Processing Stats

File Path                          PID    Runtime      # DAGs    # Errors  Last Runtime    Last Run
---------------------------------  -----  ---------  --------  ----------  --------------  -------------------
/opt/airflow/dags/UK_Accidents.py                           1           0  3.07s           2023-01-05T11:16:12
================================================================================
[2023-01-05T11:16:55.046+0000] {manager.py:851} INFO - 
================================================================================
DAG File Processing Stats

File Path                          PID    Runtime      # DAGs    # Errors  Last Runtime    Last Run
---------------------------------  -----  ---------  --------  ----------  --------------  -------------------
/opt/airflow/dags/UK_Accidents.py                           1           0  3.08s           2023-01-05T11:16:46
================================================================================
[2023-01-05T11:17:25.251+0000] {manager.py:851} INFO - 
================================================================================
DAG File Processing Stats

File Path                          PID    Runtime      # DAGs    # Errors  Last Runtime    Last Run
---------------------------------  -----  ---------  --------  ----------  --------------  -------------------
/opt/airflow/dags/UK_Accidents.py                           1           0  3.99s           2023-01-05T11:17:20
================================================================================
[2023-01-05T11:17:33.872+0000] {manager.py:726} INFO - Searching for files in /opt/airflow/dags
[2023-01-05T11:17:33.978+0000] {manager.py:729} INFO - There are 1 files in /opt/airflow/dags
[2023-01-05T11:17:55.505+0000] {manager.py:851} INFO - 
================================================================================
DAG File Processing Stats

File Path                          PID    Runtime      # DAGs    # Errors  Last Runtime    Last Run
---------------------------------  -----  ---------  --------  ----------  --------------  -------------------
/opt/airflow/dags/UK_Accidents.py                           1           0  3.16s           2023-01-05T11:17:53
================================================================================
[2023-01-05T11:18:26.039+0000] {manager.py:851} INFO - 
================================================================================
DAG File Processing Stats

File Path                          PID    Runtime      # DAGs    # Errors  Last Runtime    Last Run
---------------------------------  -----  ---------  --------  ----------  --------------  -------------------
/opt/airflow/dags/UK_Accidents.py                           1           0  1.89s           2023-01-05T11:18:26
================================================================================
[2023-01-05T11:18:56.996+0000] {manager.py:851} INFO - 
================================================================================
DAG File Processing Stats

File Path                            PID  Runtime      # DAGs    # Errors  Last Runtime    Last Run
---------------------------------  -----  ---------  --------  ----------  --------------  -------------------
/opt/airflow/dags/UK_Accidents.py   2116  0.00s             1           0  1.89s           2023-01-05T11:18:26
================================================================================
[2023-01-05T11:19:27.129+0000] {manager.py:851} INFO - 
================================================================================
DAG File Processing Stats

File Path                          PID    Runtime      # DAGs    # Errors  Last Runtime    Last Run
---------------------------------  -----  ---------  --------  ----------  --------------  -------------------
/opt/airflow/dags/UK_Accidents.py                           1           0  1.19s           2023-01-05T11:18:58
================================================================================
[2023-01-05T11:19:57.172+0000] {manager.py:851} INFO - 
================================================================================
DAG File Processing Stats

File Path                          PID    Runtime      # DAGs    # Errors  Last Runtime    Last Run
---------------------------------  -----  ---------  --------  ----------  --------------  -------------------
/opt/airflow/dags/UK_Accidents.py                           1           0  2.17s           2023-01-05T11:19:31
================================================================================
[2023-01-05T11:20:27.400+0000] {manager.py:851} INFO - 
================================================================================
DAG File Processing Stats

File Path                          PID    Runtime      # DAGs    # Errors  Last Runtime    Last Run
---------------------------------  -----  ---------  --------  ----------  --------------  -------------------
/opt/airflow/dags/UK_Accidents.py                           1           0  2.45s           2023-01-05T11:20:04
================================================================================
[2023-01-05T11:20:57.693+0000] {manager.py:851} INFO - 
================================================================================
DAG File Processing Stats

File Path                          PID    Runtime      # DAGs    # Errors  Last Runtime    Last Run
---------------------------------  -----  ---------  --------  ----------  --------------  -------------------
/opt/airflow/dags/UK_Accidents.py                           1           0  2.90s           2023-01-05T11:20:37
================================================================================
[2023-01-05T11:21:27.960+0000] {manager.py:851} INFO - 
================================================================================
DAG File Processing Stats

File Path                          PID    Runtime      # DAGs    # Errors  Last Runtime    Last Run
---------------------------------  -----  ---------  --------  ----------  --------------  -------------------
/opt/airflow/dags/UK_Accidents.py                           1           0  2.16s           2023-01-05T11:21:09
================================================================================
[2023-01-05T11:21:58.145+0000] {manager.py:851} INFO - 
================================================================================
DAG File Processing Stats

File Path                          PID    Runtime      # DAGs    # Errors  Last Runtime    Last Run
---------------------------------  -----  ---------  --------  ----------  --------------  -------------------
/opt/airflow/dags/UK_Accidents.py                           1           0  1.88s           2023-01-05T11:21:42
================================================================================
[2023-01-05T11:22:28.477+0000] {manager.py:851} INFO - 
================================================================================
DAG File Processing Stats

File Path                          PID    Runtime      # DAGs    # Errors  Last Runtime    Last Run
---------------------------------  -----  ---------  --------  ----------  --------------  -------------------
/opt/airflow/dags/UK_Accidents.py                           1           0  1.65s           2023-01-05T11:22:13
================================================================================
[2023-01-05T11:22:34.054+0000] {manager.py:726} INFO - Searching for files in /opt/airflow/dags
[2023-01-05T11:22:34.153+0000] {manager.py:729} INFO - There are 1 files in /opt/airflow/dags
[2023-01-05T11:22:58.687+0000] {manager.py:851} INFO - 
================================================================================
DAG File Processing Stats

File Path                          PID    Runtime      # DAGs    # Errors  Last Runtime    Last Run
---------------------------------  -----  ---------  --------  ----------  --------------  -------------------
/opt/airflow/dags/UK_Accidents.py                           1           0  2.42s           2023-01-05T11:22:46
================================================================================
[2023-01-05T11:23:29.033+0000] {manager.py:851} INFO - 
================================================================================
DAG File Processing Stats

File Path                          PID    Runtime      # DAGs    # Errors  Last Runtime    Last Run
---------------------------------  -----  ---------  --------  ----------  --------------  -------------------
/opt/airflow/dags/UK_Accidents.py                           1           0  2.59s           2023-01-05T11:23:19
================================================================================
[2023-01-05T11:23:59.594+0000] {manager.py:851} INFO - 
================================================================================
DAG File Processing Stats

File Path                          PID    Runtime      # DAGs    # Errors  Last Runtime    Last Run
---------------------------------  -----  ---------  --------  ----------  --------------  -------------------
/opt/airflow/dags/UK_Accidents.py                           1           0  4.11s           2023-01-05T11:23:54
================================================================================
[2023-01-05T11:24:29.904+0000] {manager.py:851} INFO - 
================================================================================
DAG File Processing Stats

File Path                          PID    Runtime      # DAGs    # Errors  Last Runtime    Last Run
---------------------------------  -----  ---------  --------  ----------  --------------  -------------------
/opt/airflow/dags/UK_Accidents.py                           1           0  1.11s           2023-01-05T11:24:25
================================================================================
[2023-01-05T11:25:00.193+0000] {manager.py:851} INFO - 
================================================================================
DAG File Processing Stats

File Path                          PID    Runtime      # DAGs    # Errors  Last Runtime    Last Run
---------------------------------  -----  ---------  --------  ----------  --------------  -------------------
/opt/airflow/dags/UK_Accidents.py                           1           0  1.04s           2023-01-05T11:24:57
================================================================================
[2023-01-05T11:25:30.637+0000] {manager.py:851} INFO - 
================================================================================
DAG File Processing Stats

File Path                          PID    Runtime      # DAGs    # Errors  Last Runtime    Last Run
---------------------------------  -----  ---------  --------  ----------  --------------  -------------------
/opt/airflow/dags/UK_Accidents.py                           1           0  1.25s           2023-01-05T11:25:28
================================================================================
[2023-01-05T11:26:00.747+0000] {manager.py:851} INFO - 
================================================================================
DAG File Processing Stats

File Path                            PID  Runtime      # DAGs    # Errors  Last Runtime    Last Run
---------------------------------  -----  ---------  --------  ----------  --------------  -------------------
/opt/airflow/dags/UK_Accidents.py   2663  1.01s             1           0  1.25s           2023-01-05T11:25:28
================================================================================
[2023-01-05T11:26:31.420+0000] {manager.py:851} INFO - 
================================================================================
DAG File Processing Stats

File Path                          PID    Runtime      # DAGs    # Errors  Last Runtime    Last Run
---------------------------------  -----  ---------  --------  ----------  --------------  -------------------
/opt/airflow/dags/UK_Accidents.py                           1           0  1.85s           2023-01-05T11:26:01
================================================================================
[2023-01-05T11:27:01.714+0000] {manager.py:851} INFO - 
================================================================================
DAG File Processing Stats

File Path                          PID    Runtime      # DAGs    # Errors  Last Runtime    Last Run
---------------------------------  -----  ---------  --------  ----------  --------------  -------------------
/opt/airflow/dags/UK_Accidents.py                           1           0  2.10s           2023-01-05T11:26:34
================================================================================
[2023-01-05T11:27:32.006+0000] {manager.py:851} INFO - 
================================================================================
DAG File Processing Stats

File Path                          PID    Runtime      # DAGs    # Errors  Last Runtime    Last Run
---------------------------------  -----  ---------  --------  ----------  --------------  -------------------
/opt/airflow/dags/UK_Accidents.py                           1           0  1.22s           2023-01-05T11:27:05
================================================================================
[2023-01-05T11:27:34.246+0000] {manager.py:726} INFO - Searching for files in /opt/airflow/dags
[2023-01-05T11:27:34.288+0000] {manager.py:729} INFO - There are 1 files in /opt/airflow/dags
[2023-01-05T11:28:02.555+0000] {manager.py:851} INFO - 
================================================================================
DAG File Processing Stats

File Path                          PID    Runtime      # DAGs    # Errors  Last Runtime    Last Run
---------------------------------  -----  ---------  --------  ----------  --------------  -------------------
/opt/airflow/dags/UK_Accidents.py                           1           0  1.29s           2023-01-05T11:27:37
================================================================================
[2023-01-05T11:28:32.852+0000] {manager.py:851} INFO - 
================================================================================
DAG File Processing Stats

File Path                          PID    Runtime      # DAGs    # Errors  Last Runtime    Last Run
---------------------------------  -----  ---------  --------  ----------  --------------  -------------------
/opt/airflow/dags/UK_Accidents.py                           1           0  1.11s           2023-01-05T11:28:08
================================================================================
[2023-01-05T11:29:03.220+0000] {manager.py:851} INFO - 
================================================================================
DAG File Processing Stats

File Path                          PID    Runtime      # DAGs    # Errors  Last Runtime    Last Run
---------------------------------  -----  ---------  --------  ----------  --------------  -------------------
/opt/airflow/dags/UK_Accidents.py                           1           0  1.11s           2023-01-05T11:28:40
================================================================================
[2023-01-05T11:29:33.380+0000] {manager.py:851} INFO - 
================================================================================
DAG File Processing Stats

File Path                          PID    Runtime      # DAGs    # Errors  Last Runtime    Last Run
---------------------------------  -----  ---------  --------  ----------  --------------  -------------------
/opt/airflow/dags/UK_Accidents.py                           1           0  1.86s           2023-01-05T11:29:12
================================================================================
[2023-01-05T11:30:03.791+0000] {manager.py:851} INFO - 
================================================================================
DAG File Processing Stats

File Path                          PID    Runtime      # DAGs    # Errors  Last Runtime    Last Run
---------------------------------  -----  ---------  --------  ----------  --------------  -------------------
/opt/airflow/dags/UK_Accidents.py                           1           0  2.28s           2023-01-05T11:29:44
================================================================================
[2023-01-05T11:30:34.242+0000] {manager.py:851} INFO - 
================================================================================
DAG File Processing Stats

File Path                          PID    Runtime      # DAGs    # Errors  Last Runtime    Last Run
---------------------------------  -----  ---------  --------  ----------  --------------  -------------------
/opt/airflow/dags/UK_Accidents.py                           1           0  1.59s           2023-01-05T11:30:16
================================================================================
[2023-01-05T11:31:04.629+0000] {manager.py:851} INFO - 
================================================================================
DAG File Processing Stats

File Path                          PID    Runtime      # DAGs    # Errors  Last Runtime    Last Run
---------------------------------  -----  ---------  --------  ----------  --------------  -------------------
/opt/airflow/dags/UK_Accidents.py                           1           0  1.24s           2023-01-05T11:30:47
================================================================================
[2023-01-05T11:31:35.205+0000] {manager.py:851} INFO - 
================================================================================
DAG File Processing Stats

File Path                          PID    Runtime      # DAGs    # Errors  Last Runtime    Last Run
---------------------------------  -----  ---------  --------  ----------  --------------  -------------------
/opt/airflow/dags/UK_Accidents.py                           1           0  2.23s           2023-01-05T11:31:21
================================================================================
[2023-01-05T11:32:05.542+0000] {manager.py:851} INFO - 
================================================================================
DAG File Processing Stats

File Path                          PID    Runtime      # DAGs    # Errors  Last Runtime    Last Run
---------------------------------  -----  ---------  --------  ----------  --------------  -------------------
/opt/airflow/dags/UK_Accidents.py                           1           0  1.62s           2023-01-05T11:31:52
================================================================================
[2023-01-05T11:32:34.313+0000] {manager.py:726} INFO - Searching for files in /opt/airflow/dags
[2023-01-05T11:32:34.409+0000] {manager.py:729} INFO - There are 1 files in /opt/airflow/dags
[2023-01-05T11:32:35.621+0000] {manager.py:851} INFO - 
================================================================================
DAG File Processing Stats

File Path                          PID    Runtime      # DAGs    # Errors  Last Runtime    Last Run
---------------------------------  -----  ---------  --------  ----------  --------------  -------------------
/opt/airflow/dags/UK_Accidents.py                           1           0  2.33s           2023-01-05T11:32:25
================================================================================
[2023-01-05T11:33:05.878+0000] {manager.py:851} INFO - 
================================================================================
DAG File Processing Stats

File Path                          PID    Runtime      # DAGs    # Errors  Last Runtime    Last Run
---------------------------------  -----  ---------  --------  ----------  --------------  -------------------
/opt/airflow/dags/UK_Accidents.py                           1           0  2.29s           2023-01-05T11:32:57
================================================================================
[2023-01-05T11:33:36.084+0000] {manager.py:851} INFO - 
================================================================================
DAG File Processing Stats

File Path                          PID    Runtime      # DAGs    # Errors  Last Runtime    Last Run
---------------------------------  -----  ---------  --------  ----------  --------------  -------------------
/opt/airflow/dags/UK_Accidents.py                           1           0  1.82s           2023-01-05T11:33:30
================================================================================
[2023-01-05T11:34:06.973+0000] {manager.py:851} INFO - 
================================================================================
DAG File Processing Stats

File Path                          PID    Runtime      # DAGs    # Errors  Last Runtime    Last Run
---------------------------------  -----  ---------  --------  ----------  --------------  -------------------
/opt/airflow/dags/UK_Accidents.py                           1           0  1.53s           2023-01-05T11:34:01
================================================================================
[2023-01-05T11:34:37.336+0000] {manager.py:851} INFO - 
================================================================================
DAG File Processing Stats

File Path                          PID    Runtime      # DAGs    # Errors  Last Runtime    Last Run
---------------------------------  -----  ---------  --------  ----------  --------------  -------------------
/opt/airflow/dags/UK_Accidents.py                           1           0  1.16s           2023-01-05T11:34:33
================================================================================
[2023-01-05T11:34:59.906+0000] {manager.py:465} INFO - Exiting gracefully upon receiving signal 15
